C51 COMPILER V9.02   TIMER                                                                 05/12/2022 16:06:47 PAGE 1   


C51 COMPILER V9.02, COMPILATION OF MODULE TIMER
OBJECT MODULE PLACED IN TImer.OBJ
COMPILER INVOKED BY: D:\Program Files\Keil\C51\BIN\C51.EXE TImer.c BROWSE DEBUG OBJECTEXTEND

line level    source

   1          #include<reg52.h>
   2          
   3          sbit LED = P0^0;
   4          sbit ADDR0 = P1^0;
   5          sbit ADDR1 = P1^1;
   6          sbit ADDR2 = P1^2;
   7          sbit ADDR3 = P1^3;
   8          sbit ENLED = P1^4;
   9          
  10          void main()
  11          {
  12   1              unsigned char cnt = 0;
  13   1      
  14   1              ENLED = 0;
  15   1              ADDR3 = 1;
  16   1      
  17   1              ADDR2 = 1;
  18   1              ADDR1 = 1;
  19   1              ADDR0 = 0;
  20   1      
  21   1              TMOD = 0x01;
  22   1              TH0 = 0xB1;
  23   1              TL0 = 0xDF;
  24   1              TR0 = 1;
  25   1      
  26   1              while(1)
  27   1              {
  28   2                      if(TF0 == 1)
  29   2                      {
  30   3                              TF0 = 0;
  31   3                              TH0 = 0xB1;
  32   3                              TL0 = 0xDF;
  33   3                              cnt++;
  34   3                              if(cnt >= 50)
  35   3                              {
  36   4                                      cnt = 0;
  37   4                                      LED = ~LED;
  38   4                              }
  39   3                      }
  40   2              }
  41   1      }
  42                           


MODULE INFORMATION:   STATIC OVERLAYABLE
   CODE SIZE        =     47    ----
   CONSTANT SIZE    =   ----    ----
   XDATA SIZE       =   ----    ----
   PDATA SIZE       =   ----    ----
   DATA SIZE        =   ----    ----
   IDATA SIZE       =   ----    ----
   BIT SIZE         =   ----    ----
END OF MODULE INFORMATION.


C51 COMPILATION COMPLETE.  0 WARNING(S),  0 ERROR(S)
