C51 COMPILER V9.02   MAIN                                                                  05/26/2022 15:28:58 PAGE 1   


C51 COMPILER V9.02, COMPILATION OF MODULE MAIN
OBJECT MODULE PLACED IN Main.OBJ
COMPILER INVOKED BY: D:\Program Files\Keil\C51\BIN\C51.EXE Main.c BROWSE DEBUG OBJECTEXTEND

line level    source

   1          #include <reg52.h>
   2          
   3          sbit PWMOUT = P0 ^ 0;
   4          sbit ADDR0 = P1 ^ 0;
   5          sbit ADDR1 = P1 ^ 1;
   6          sbit ADDR2 = P1 ^ 2;
   7          sbit ADDR3 = P1 ^ 3;
   8          sbit ENLED = P1 ^ 4;
   9          
  10          unsigned char HighRH = 0;
  11          unsigned char HighRL = 0;
  12          unsigned char LowRH = 0;
  13          unsigned char LowRL = 0;
  14          
  15          void ConfigPWM(unsigned int fr, unsigned char dc);
  16          void ClosePWM();
  17          
  18          void main()
  19          {
  20   1          unsigned int i;
  21   1          EA = 1;    //开总中断
  22   1          ENLED = 0; //使能独立 LED
  23   1          ADDR3 = 1;
  24   1          ADDR2 = 1;
  25   1          ADDR1 = 1;
  26   1          ADDR0 = 0;
  27   1          while (1)
  28   1              {
  29   2                  ConfigPWM(100, 10); //频率 100Hz，占空比 10%
  30   2                  for (i = 0; i < 40000; i++);
  31   2                  ClosePWM();
  32   2                  ConfigPWM(100, 40); //频率 100Hz，占空比 40%
  33   2                  for (i = 0; i < 40000; i++);
  34   2                  ClosePWM();
  35   2                  ConfigPWM(100, 90); //频率 100Hz，占空比 90%
  36   2                  for (i = 0; i < 40000; i++);
  37   2                  ClosePWM(); //关闭 PWM，相当于占空比 100%
  38   2                  for (i = 0; i < 40000; i++);
  39   2              }
  40   1      }
  41          void ConfigPWM(unsigned int fr, unsigned char dc)
  42          {
  43   1          unsigned int high, low;
  44   1          unsigned long tmp;
  45   1          tmp = (11059200 / 12) / fr;
  46   1          high = (tmp * dc) / 100;
  47   1          low = tmp - high;
  48   1          high = 65536 - high;
  49   1          low = 65536 - low;
  50   1          HighRH = (unsigned char)(high >> 8);
  51   1          HighRL = (unsigned char)high;
  52   1          LowRH = (unsigned char)(low >> 8);
  53   1          LowRL = (unsigned char)low;
  54   1          TH0 = HighRH;
  55   1          TL0 = HighRL;
C51 COMPILER V9.02   MAIN                                                                  05/26/2022 15:28:58 PAGE 2   

  56   1          TMOD = 0x01;
  57   1          ET0 = 1;
  58   1          TR0 = 1;
  59   1          PWMOUT = 1;
  60   1      }
  61          
  62          void ClosePWM()
  63          {
  64   1          TR0 = 1;
  65   1          ET0 = 1;
  66   1          PWMOUT = 1;
  67   1      }
  68          
  69          void InterruptTimer0() interrupt 1
  70          {
  71   1          if(PWMOUT == 1)
  72   1          {
  73   2              TH0 = LowRH;
  74   2              TL0 = LowRL;
  75   2              PWMOUT = 0;
  76   2          }
  77   1          else 
  78   1          {
  79   2              TH0 = HighRH;
  80   2              TL0 = HighRL;
  81   2              PWMOUT = 1;
  82   2          }
  83   1      }


MODULE INFORMATION:   STATIC OVERLAYABLE
   CODE SIZE        =    278    ----
   CONSTANT SIZE    =   ----    ----
   XDATA SIZE       =   ----    ----
   PDATA SIZE       =   ----    ----
   DATA SIZE        =      4       5
   IDATA SIZE       =   ----    ----
   BIT SIZE         =   ----    ----
END OF MODULE INFORMATION.


C51 COMPILATION COMPLETE.  0 WARNING(S),  0 ERROR(S)
