C51 COMPILER V9.02   KEY                                                                   05/13/2022 09:59:17 PAGE 1   


C51 COMPILER V9.02, COMPILATION OF MODULE KEY
OBJECT MODULE PLACED IN Key.OBJ
COMPILER INVOKED BY: D:\Program Files\Keil\C51\BIN\C51.EXE Key.c BROWSE DEBUG OBJECTEXTEND

line level    source

   1          #include <reg52.h>
   2          
   3          sbit ADDR0 = P1^0;
   4          sbit ADDR1 = P1^1;
   5          sbit ADDR2 = P1^2;
   6          sbit ADDR3 = P1^3;
   7          sbit ENLED = P1^4;
   8          sbit LED9 = P0^7;
   9          sbit LED8 = P0^6;
  10          sbit LED7 = P0^5;
  11          sbit LED6 = P0^4;
  12          
  13          sbit KEY1 = P2^0;
  14          sbit KEY2 = P2^1;
  15          sbit KEY3 = P2^2;
  16          sbit KEY4 = P2^3;
  17          
  18          void main()
  19          {
  20   1          
  21   1          ENLED = 0;   //选择独立LED进行显示
  22   1          ADDR3 = 1;
  23   1          ADDR2 = 1;
  24   1          ADDR1 = 1;
  25   1          ADDR0 = 0;
  26   1      
  27   1          P2 = 0xEF;   //P2.3置0，即KeyOut1输出低电平
  28   1      
  29   1              while (1)
  30   1          {
  31   2              //将按键扫描引脚的值传递到LED上
  32   2              LED9 = KEY1;  //按下时为0，对应的LED点亮
  33   2              LED8 = KEY2;
  34   2              LED7 = KEY3;
  35   2              LED6 = KEY4;
  36   2          }
  37   1      }


MODULE INFORMATION:   STATIC OVERLAYABLE
   CODE SIZE        =     31    ----
   CONSTANT SIZE    =   ----    ----
   XDATA SIZE       =   ----    ----
   PDATA SIZE       =   ----    ----
   DATA SIZE        =   ----    ----
   IDATA SIZE       =   ----    ----
   BIT SIZE         =   ----    ----
END OF MODULE INFORMATION.


C51 COMPILATION COMPLETE.  0 WARNING(S),  0 ERROR(S)
