C51 COMPILER V9.02   MOTOR                                                                 05/13/2022 10:07:07 PAGE 1   


C51 COMPILER V9.02, COMPILATION OF MODULE MOTOR
OBJECT MODULE PLACED IN motor.OBJ
COMPILER INVOKED BY: D:\Program Files\Keil\C51\BIN\C51.EXE motor.c BROWSE DEBUG OBJECTEXTEND

line level    source

   1          #include <reg52.h>
   2          unsigned char code BeatCode[8] = { //步进电机节拍对应的 IO 控制代码
   3           0xE, 0xC, 0xD, 0x9, 0xB, 0x3, 0x7, 0x6
   4          };
   5          void delay();
   6          void main()
   7          {
   8   1       unsigned char tmp; //定义一个临时变量
   9   1       unsigned char index = 0; //定义节拍输出索引
  10   1       
  11   1      while (1)
  12   1       {
  13   2       tmp = P1; //用 tmp 把 P1 口当前值暂存
  14   2       tmp = tmp & 0xF0; //用&操作清零低 4 位
  15   2       tmp = tmp | BeatCode[index]; //用|操作把节拍代码写到低 4 位
  16   2       P1 = tmp; //把低 4 位的节拍代码和高 4 位的原值送回 P1
  17   2       index++; //节拍输出索引递增
  18   2       index = index & 0x07; //用&操作实现到 8 归零
  19   2       delay(); //延时 2ms，即 2ms 执行一拍
  20   2       }
  21   1      }
  22          /* 软件延时函数，延时约 2ms */
  23          void delay()
  24          {
  25   1       unsigned int i = 200;
  26   1       while (i--);
  27   1      }


MODULE INFORMATION:   STATIC OVERLAYABLE
   CODE SIZE        =     45    ----
   CONSTANT SIZE    =      8    ----
   XDATA SIZE       =   ----    ----
   PDATA SIZE       =   ----    ----
   DATA SIZE        =   ----       2
   IDATA SIZE       =   ----    ----
   BIT SIZE         =   ----    ----
END OF MODULE INFORMATION.


C51 COMPILATION COMPLETE.  0 WARNING(S),  0 ERROR(S)
